# JRE version: Java(TM) SE Runtime Environment (19.0.2+7) (build 19.0.2+7-44)
# Java VM: Java HotSpot(TM) 64-Bit Server VM (19.0.2+7-44, mixed mode, sharing, tiered, compressed oops, compressed class ptrs, g1 gc, windows-amd64)
GC Precious Log:
 CardTable entry size: 512
 Card Set container configuration: InlinePtr #cards 4 size 8 Array Of Cards #cards 32 size 80 Howl #buckets 8 coarsen threshold 7372 Howl Bitmap #cards 1024 size 144 coarsen threshold 921 Card regions per heap region 1 cards per card region 8192
 CPUs: 8 total, 8 available
 Memory: 16098M
 Large Page Support: Disabled
 NUMA Support: Disabled
 Compressed Oops: Enabled (Zero based)
 Heap Region Size: 4M
 Heap Min Capacity: 8M
 Heap Initial Capacity: 252M
 Heap Max Capacity: 8G
 Pre-touch: Disabled
 Parallel Workers: 8
 Concurrent Workers: 2
 Concurrent Refinement Workers: 8
 Periodic GC: Disabled
Heap:
 garbage-first heap   total 622592K, used 354381K [0x0000000600000000, 0x0000000800000000)
  region size 4096K, 6 young (24576K), 6 survivors (24576K)
 Metaspace       used 133102K, committed 136064K, reserved 1179648K
  class space    used 17630K, committed 19072K, reserved 1048576K
GC Heap History (20 events):
Event: 116.800 GC heap after
{Heap after GC invocations=69 (full 0):
 garbage-first heap   total 516096K, used 234983K [0x0000000600000000, 0x0000000800000000)
  region size 4096K, 4 young (16384K), 4 survivors (16384K)
 Metaspace       used 113904K, committed 116672K, reserved 1179648K
  class space    used 15436K, committed 16832K, reserved 1048576K
}
Event: 118.019 GC heap before
{Heap before GC invocations=69 (full 0):
 garbage-first heap   total 516096K, used 415207K [0x0000000600000000, 0x0000000800000000)
  region size 4096K, 49 young (200704K), 4 survivors (16384K)
 Metaspace       used 114243K, committed 117120K, reserved 1179648K
  class space    used 15471K, committed 16896K, reserved 1048576K
}
Event: 118.036 GC heap after
{Heap after GC invocations=70 (full 0):
 garbage-first heap   total 516096K, used 242922K [0x0000000600000000, 0x0000000800000000)
  region size 4096K, 5 young (20480K), 5 survivors (20480K)
 Metaspace       used 114243K, committed 117120K, reserved 1179648K
  class space    used 15471K, committed 16896K, reserved 1048576K
}
Event: 119.002 GC heap before
{Heap before GC invocations=70 (full 0):
 garbage-first heap   total 516096K, used 419050K [0x0000000600000000, 0x0000000800000000)
  region size 4096K, 49 young (200704K), 5 survivors (20480K)
 Metaspace       used 114358K, committed 117248K, reserved 1179648K
  class space    used 15484K, committed 16896K, reserved 1048576K
}
Event: 119.023 GC heap after
{Heap after GC invocations=71 (full 0):
 garbage-first heap   total 516096K, used 249695K [0x0000000600000000, 0x0000000800000000)
  region size 4096K, 5 young (20480K), 5 survivors (20480K)
 Metaspace       used 114358K, committed 117248K, reserved 1179648K
  class space    used 15484K, committed 16896K, reserved 1048576K
}
Event: 120.206 GC heap before
{Heap before GC invocations=71 (full 0):
 garbage-first heap   total 516096K, used 425823K [0x0000000600000000, 0x0000000800000000)
  region size 4096K, 48 young (196608K), 5 survivors (20480K)
 Metaspace       used 114512K, committed 117440K, reserved 1179648K
  class space    used 15501K, committed 16960K, reserved 1048576K
}
Event: 120.225 GC heap after
{Heap after GC invocations=72 (full 0):
 garbage-first heap   total 516096K, used 266209K [0x0000000600000000, 0x0000000800000000)
  region size 4096K, 6 young (24576K), 6 survivors (24576K)
 Metaspace       used 114512K, committed 117440K, reserved 1179648K
  class space    used 15501K, committed 16960K, reserved 1048576K
}
Event: 121.111 GC heap before
{Heap before GC invocations=72 (full 0):
 garbage-first heap   total 516096K, used 421857K [0x0000000600000000, 0x0000000800000000)
  region size 4096K, 45 young (184320K), 6 survivors (24576K)
 Metaspace       used 116583K, committed 119488K, reserved 1179648K
  class space    used 15617K, committed 17024K, reserved 1048576K
}
Event: 121.134 GC heap after
{Heap after GC invocations=73 (full 0):
 garbage-first heap   total 622592K, used 275010K [0x0000000600000000, 0x0000000800000000)
  region size 4096K, 3 young (12288K), 3 survivors (12288K)
 Metaspace       used 116583K, committed 119488K, reserved 1179648K
  class space    used 15617K, committed 17024K, reserved 1048576K
}
Event: 122.409 GC heap before
{Heap before GC invocations=73 (full 0):
 garbage-first heap   total 622592K, used 344642K [0x0000000600000000, 0x0000000800000000)
  region size 4096K, 21 young (86016K), 3 survivors (12288K)
 Metaspace       used 118704K, committed 121536K, reserved 1179648K
  class space    used 15924K, committed 17344K, reserved 1048576K
}
Event: 122.432 GC heap after
{Heap after GC invocations=74 (full 0):
 garbage-first heap   total 622592K, used 283202K [0x0000000600000000, 0x0000000800000000)
  region size 4096K, 5 young (20480K), 5 survivors (20480K)
 Metaspace       used 118704K, committed 121536K, reserved 1179648K
  class space    used 15924K, committed 17344K, reserved 1048576K
}
Event: 125.402 GC heap before
{Heap before GC invocations=75 (full 0):
 garbage-first heap   total 622592K, used 504386K [0x0000000600000000, 0x0000000800000000)
  region size 4096K, 59 young (241664K), 5 survivors (20480K)
 Metaspace       used 126571K, committed 129536K, reserved 1179648K
  class space    used 17024K, committed 18496K, reserved 1048576K
}
Event: 125.453 GC heap after
{Heap after GC invocations=76 (full 0):
 garbage-first heap   total 622592K, used 307614K [0x0000000600000000, 0x0000000800000000)
  region size 4096K, 8 young (32768K), 8 survivors (32768K)
 Metaspace       used 126571K, committed 129536K, reserved 1179648K
  class space    used 17024K, committed 18496K, reserved 1048576K
}
Event: 125.483 GC heap before
{Heap before GC invocations=76 (full 0):
 garbage-first heap   total 622592K, used 311710K [0x0000000600000000, 0x0000000800000000)
  region size 4096K, 9 young (36864K), 8 survivors (32768K)
 Metaspace       used 126686K, committed 129664K, reserved 1179648K
  class space    used 17034K, committed 18496K, reserved 1048576K
}
Event: 125.528 GC heap after
{Heap after GC invocations=77 (full 0):
 garbage-first heap   total 622592K, used 308453K [0x0000000600000000, 0x0000000800000000)
  region size 4096K, 2 young (8192K), 2 survivors (8192K)
 Metaspace       used 126686K, committed 129664K, reserved 1179648K
  class space    used 17034K, committed 18496K, reserved 1048576K
}
Event: 217.287 GC heap before
{Heap before GC invocations=77 (full 0):
 garbage-first heap   total 622592K, used 496869K [0x0000000600000000, 0x0000000800000000)
  region size 4096K, 49 young (200704K), 2 survivors (8192K)
 Metaspace       used 132524K, committed 135488K, reserved 1179648K
  class space    used 17598K, committed 19072K, reserved 1048576K
}
Event: 217.298 GC heap after
{Heap after GC invocations=78 (full 0):
 garbage-first heap   total 622592K, used 314959K [0x0000000600000000, 0x0000000800000000)
  region size 4096K, 3 young (12288K), 3 survivors (12288K)
 Metaspace       used 132524K, committed 135488K, reserved 1179648K
  class space    used 17598K, committed 19072K, reserved 1048576K
}
Event: 218.538 GC heap before
{Heap before GC invocations=78 (full 0):
 garbage-first heap   total 622592K, used 507471K [0x0000000600000000, 0x0000000800000000)
  region size 4096K, 50 young (204800K), 3 survivors (12288K)
 Metaspace       used 132912K, committed 135872K, reserved 1179648K
  class space    used 17625K, committed 19072K, reserved 1048576K
}
Event: 218.559 GC heap after
{Heap after GC invocations=79 (full 0):
 garbage-first heap   total 622592K, used 332465K [0x0000000600000000, 0x0000000800000000)
  region size 4096K, 7 young (28672K), 7 survivors (28672K)
 Metaspace       used 132912K, committed 135872K, reserved 1179648K
  class space    used 17625K, committed 19072K, reserved 1048576K
}
Event: 219.770 GC heap before
{Heap before GC invocations=79 (full 0):
 garbage-first heap   total 622592K, used 504497K [0x0000000600000000, 0x0000000800000000)
  region size 4096K, 49 young (200704K), 7 survivors (28672K)
 Metaspace       used 133102K, committed 136064K, reserved 1179648K
  class space    used 17630K, committed 19072K, reserved 1048576K
}

